<?xml version="1.0" encoding="UTF-8"?>
<!-- Generated by org.testng.reporters.JUnitXMLReporter -->
<testsuite ignored="0" hostname="DESKTOP-077G3EM" failures="0" tests="3" name="RingPay" time="965.356" errors="0" timestamp="2022-10-31T17:32:46 IST">
  <testcase classname="com.RingPay.TestScripts.RingPayTestScripts" name="User_Playstore_Flow" time="302.264"/>
  <testcase classname="com.RingPay.TestScripts.RingPayTestScripts" name="userRegistrationFlow" time="578.21"/>
  <testcase classname="com.RingPay.TestScripts.RingPayTestScripts" name="merchantFlow" time="61.391"/>
</testsuite> <!-- RingPay -->
